android/app/build/intermediates/manifest_merge_blame_file/debug/manifest-merger-blame-debug-report.txt
1<?xml version="1.0" encoding="utf-8"?>
2<manifest xmlns:android="http://schemas.android.com/apk/res/android"
3    package="com.cab2u.driver"
4    android:versionCode="4"
5    android:versionName="1.3" >
6
7    <uses-sdk
8        android:minSdkVersion="21"
9        android:targetSdkVersion="33" />
10
11    <uses-permission android:name="android.permission.SYSTEM_ALERT_WINDOW" />
11-->src\main\AndroidManifest.xml:7:5-77
11-->src\main\AndroidManifest.xml:7:22-75
12    <uses-permission android:name="android.permission.INTERNET" />
12-->src\main\AndroidManifest.xml:4:5-67
12-->src\main\AndroidManifest.xml:4:22-64
13    <uses-permission android:name="android.permission.RECEIVE_BOOT_COMPLETED" />
13-->src\main\AndroidManifest.xml:5:5-80
13-->src\main\AndroidManifest.xml:5:22-78
14    <uses-permission android:name="android.permission.ACCESS_FINE_LOCATION" />
14-->src\main\AndroidManifest.xml:6:5-79
14-->src\main\AndroidManifest.xml:6:22-76
15    <uses-permission android:name="android.permission.CAMERA" />
15-->src\main\AndroidManifest.xml:8:5-65
15-->src\main\AndroidManifest.xml:8:22-62
16    <uses-permission android:name="android.permission.VIBRATE" />
16-->src\main\AndroidManifest.xml:9:5-66
16-->src\main\AndroidManifest.xml:9:22-63
17    <uses-permission android:name="android.permission.READ_EXTERNAL_STORAGE" />
17-->src\main\AndroidManifest.xml:10:5-80
17-->src\main\AndroidManifest.xml:10:22-77
18    <uses-permission android:name="android.permission.WRITE_EXTERNAL_STORAGE" />
18-->src\main\AndroidManifest.xml:11:5-81
18-->src\main\AndroidManifest.xml:11:22-78
19    <uses-permission android:name="android.permission.ACCESS_BACKGROUND_LOCATION" />
19-->src\main\AndroidManifest.xml:12:5-84
19-->src\main\AndroidManifest.xml:12:22-82
20    <uses-permission android:name="android.permission.WAKE_LOCK" />
20-->src\main\AndroidManifest.xml:13:5-67
20-->src\main\AndroidManifest.xml:13:22-65
21    <uses-permission android:name="android.permission.FOREGROUND_SERVICE" />
21-->src\main\AndroidManifest.xml:14:5-76
21-->src\main\AndroidManifest.xml:14:22-74
22    <uses-permission android:name="android.permission.ACCESS_NETWORK_STATE" />
22-->src\main\AndroidManifest.xml:15:5-78
22-->src\main\AndroidManifest.xml:15:22-76
23    <uses-permission android:name="android.permission.ACCESS_WIFI_STATE" /> <!-- Required to access Google Play Licensing -->
23-->[com.facebook.flipper:flipper:0.125.0] AndroidManifest.xml:16:5-76
23-->[com.facebook.flipper:flipper:0.125.0] AndroidManifest.xml:16:22-73
24    <uses-permission android:name="com.android.vending.CHECK_LICENSE" />
24-->[:rn-fetch-blob] AndroidManifest.xml:8:5-73
24-->[:rn-fetch-blob] AndroidManifest.xml:8:22-70
25    <uses-permission android:name="android.permission.POST_NOTIFICATIONS" /> <!-- Required by older versions of Google Play services to create IID tokens -->
25-->[com.google.firebase:firebase-messaging:23.1.1] AndroidManifest.xml:25:5-77
25-->[com.google.firebase:firebase-messaging:23.1.1] AndroidManifest.xml:25:22-74
26    <uses-permission android:name="com.google.android.c2dm.permission.RECEIVE" />
26-->[com.google.firebase:firebase-messaging:23.1.1] AndroidManifest.xml:28:5-82
26-->[com.google.firebase:firebase-messaging:23.1.1] AndroidManifest.xml:28:22-79
27
28    <queries>
28-->[com.razorpay:checkout:1.6.38] AndroidManifest.xml:10:5-39:15
29        <intent>
29-->[com.razorpay:checkout:1.6.38] AndroidManifest.xml:11:9-17:18
30            <action android:name="android.intent.action.VIEW" />
30-->[com.razorpay:checkout:1.6.38] AndroidManifest.xml:12:13-65
30-->[com.razorpay:checkout:1.6.38] AndroidManifest.xml:12:21-62
31
32            <data
32-->[com.razorpay:checkout:1.6.38] AndroidManifest.xml:14:13-16:38
33                android:mimeType="*/*"
33-->[com.razorpay:checkout:1.6.38] AndroidManifest.xml:15:17-39
34                android:scheme="*" />
34-->[com.razorpay:checkout:1.6.38] AndroidManifest.xml:16:17-35
35        </intent>
36        <intent>
36-->[com.razorpay:checkout:1.6.38] AndroidManifest.xml:18:9-27:18
37            <action android:name="android.intent.action.VIEW" />
37-->[com.razorpay:checkout:1.6.38] AndroidManifest.xml:12:13-65
37-->[com.razorpay:checkout:1.6.38] AndroidManifest.xml:12:21-62
38
39            <category android:name="android.intent.category.BROWSABLE" />
39-->[com.razorpay:checkout:1.6.38] AndroidManifest.xml:21:13-74
39-->[com.razorpay:checkout:1.6.38] AndroidManifest.xml:21:23-71
40
41            <data
41-->[com.razorpay:checkout:1.6.38] AndroidManifest.xml:14:13-16:38
42                android:host="pay"
43                android:mimeType="*/*"
43-->[com.razorpay:checkout:1.6.38] AndroidManifest.xml:15:17-39
44                android:scheme="upi" />
44-->[com.razorpay:checkout:1.6.38] AndroidManifest.xml:16:17-35
45        </intent>
46        <intent>
46-->[com.razorpay:checkout:1.6.38] AndroidManifest.xml:28:9-30:18
47            <action android:name="android.intent.action.MAIN" />
47-->src\main\AndroidManifest.xml:60:13-65
47-->src\main\AndroidManifest.xml:60:21-62
48        </intent>
49        <intent>
49-->[com.razorpay:checkout:1.6.38] AndroidManifest.xml:31:9-35:18
50            <action android:name="android.intent.action.SEND" />
50-->[com.razorpay:checkout:1.6.38] AndroidManifest.xml:32:13-65
50-->[com.razorpay:checkout:1.6.38] AndroidManifest.xml:32:21-62
51
52            <data android:mimeType="*/*" />
52-->[com.razorpay:checkout:1.6.38] AndroidManifest.xml:14:13-16:38
52-->[com.razorpay:checkout:1.6.38] AndroidManifest.xml:15:17-39
53        </intent>
54        <intent>
54-->[com.razorpay:checkout:1.6.38] AndroidManifest.xml:36:9-38:18
55            <action android:name="rzp.device_token.share" />
55-->[com.razorpay:checkout:1.6.38] AndroidManifest.xml:37:13-61
55-->[com.razorpay:checkout:1.6.38] AndroidManifest.xml:37:21-58
56        </intent>
57        <!-- Needs to be explicitly declared on Android R+ -->
58        <package android:name="com.google.android.apps.maps" />
58-->[com.google.android.gms:play-services-maps:18.2.0] AndroidManifest.xml:33:9-64
58-->[com.google.android.gms:play-services-maps:18.2.0] AndroidManifest.xml:33:18-61
59    </queries>
60
61    <uses-feature
61-->[com.google.android.gms:play-services-maps:18.2.0] AndroidManifest.xml:26:5-28:35
62        android:glEsVersion="0x00020000"
62-->[com.google.android.gms:play-services-maps:18.2.0] AndroidManifest.xml:27:9-41
63        android:required="true" />
63-->[com.google.android.gms:play-services-maps:18.2.0] AndroidManifest.xml:28:9-32
64
65    <uses-permission android:name="com.google.android.gms.permission.AD_ID" />
65-->[com.google.android.gms:play-services-measurement-api:21.2.0] AndroidManifest.xml:25:5-79
65-->[com.google.android.gms:play-services-measurement-api:21.2.0] AndroidManifest.xml:25:22-76
66    <uses-permission android:name="com.google.android.finsky.permission.BIND_GET_INSTALL_REFERRER_SERVICE" /> <!-- for android -->
66-->[com.google.android.gms:play-services-measurement:21.2.0] AndroidManifest.xml:26:5-110
66-->[com.google.android.gms:play-services-measurement:21.2.0] AndroidManifest.xml:26:22-107
67    <!-- <uses-permission android:name="com.android.launcher.permission.READ_SETTINGS"/> -->
68    <!-- <uses-permission android:name="com.android.launcher.permission.WRITE_SETTINGS"/> -->
69    <!-- <uses-permission android:name="com.android.launcher.permission.INSTALL_SHORTCUT" /> -->
70    <!-- <uses-permission android:name="com.android.launcher.permission.UNINSTALL_SHORTCUT" /> -->
71    <!-- for Samsung -->
72    <uses-permission android:name="com.sec.android.provider.badge.permission.READ" />
72-->[me.leolin:ShortcutBadger:1.1.22] AndroidManifest.xml:19:5-86
72-->[me.leolin:ShortcutBadger:1.1.22] AndroidManifest.xml:19:22-83
73    <uses-permission android:name="com.sec.android.provider.badge.permission.WRITE" /> <!-- for htc -->
73-->[me.leolin:ShortcutBadger:1.1.22] AndroidManifest.xml:20:5-87
73-->[me.leolin:ShortcutBadger:1.1.22] AndroidManifest.xml:20:22-84
74    <uses-permission android:name="com.htc.launcher.permission.READ_SETTINGS" />
74-->[me.leolin:ShortcutBadger:1.1.22] AndroidManifest.xml:23:5-81
74-->[me.leolin:ShortcutBadger:1.1.22] AndroidManifest.xml:23:22-78
75    <uses-permission android:name="com.htc.launcher.permission.UPDATE_SHORTCUT" /> <!-- for sony -->
75-->[me.leolin:ShortcutBadger:1.1.22] AndroidManifest.xml:24:5-83
75-->[me.leolin:ShortcutBadger:1.1.22] AndroidManifest.xml:24:22-80
76    <uses-permission android:name="com.sonyericsson.home.permission.BROADCAST_BADGE" />
76-->[me.leolin:ShortcutBadger:1.1.22] AndroidManifest.xml:27:5-88
76-->[me.leolin:ShortcutBadger:1.1.22] AndroidManifest.xml:27:22-85
77    <uses-permission android:name="com.sonymobile.home.permission.PROVIDER_INSERT_BADGE" /> <!-- for apex -->
77-->[me.leolin:ShortcutBadger:1.1.22] AndroidManifest.xml:28:5-92
77-->[me.leolin:ShortcutBadger:1.1.22] AndroidManifest.xml:28:22-89
78    <uses-permission android:name="com.anddoes.launcher.permission.UPDATE_COUNT" /> <!-- for solid -->
78-->[me.leolin:ShortcutBadger:1.1.22] AndroidManifest.xml:31:5-84
78-->[me.leolin:ShortcutBadger:1.1.22] AndroidManifest.xml:31:22-81
79    <uses-permission android:name="com.majeur.launcher.permission.UPDATE_BADGE" /> <!-- for huawei -->
79-->[me.leolin:ShortcutBadger:1.1.22] AndroidManifest.xml:34:5-83
79-->[me.leolin:ShortcutBadger:1.1.22] AndroidManifest.xml:34:22-80
80    <uses-permission android:name="com.huawei.android.launcher.permission.CHANGE_BADGE" />
80-->[me.leolin:ShortcutBadger:1.1.22] AndroidManifest.xml:37:5-91
80-->[me.leolin:ShortcutBadger:1.1.22] AndroidManifest.xml:37:22-88
81    <uses-permission android:name="com.huawei.android.launcher.permission.READ_SETTINGS" />
81-->[me.leolin:ShortcutBadger:1.1.22] AndroidManifest.xml:38:5-92
81-->[me.leolin:ShortcutBadger:1.1.22] AndroidManifest.xml:38:22-89
82    <uses-permission android:name="com.huawei.android.launcher.permission.WRITE_SETTINGS" /> <!-- for ZUK -->
82-->[me.leolin:ShortcutBadger:1.1.22] AndroidManifest.xml:39:5-93
82-->[me.leolin:ShortcutBadger:1.1.22] AndroidManifest.xml:39:22-90
83    <uses-permission android:name="android.permission.READ_APP_BADGE" /> <!-- for OPPO -->
83-->[me.leolin:ShortcutBadger:1.1.22] AndroidManifest.xml:42:5-73
83-->[me.leolin:ShortcutBadger:1.1.22] AndroidManifest.xml:42:22-70
84    <uses-permission android:name="com.oppo.launcher.permission.READ_SETTINGS" />
84-->[me.leolin:ShortcutBadger:1.1.22] AndroidManifest.xml:45:5-82
84-->[me.leolin:ShortcutBadger:1.1.22] AndroidManifest.xml:45:22-79
85    <uses-permission android:name="com.oppo.launcher.permission.WRITE_SETTINGS" /> <!-- for EvMe -->
85-->[me.leolin:ShortcutBadger:1.1.22] AndroidManifest.xml:46:5-83
85-->[me.leolin:ShortcutBadger:1.1.22] AndroidManifest.xml:46:22-80
86    <uses-permission android:name="me.everything.badger.permission.BADGE_COUNT_READ" />
86-->[me.leolin:ShortcutBadger:1.1.22] AndroidManifest.xml:49:5-88
86-->[me.leolin:ShortcutBadger:1.1.22] AndroidManifest.xml:49:22-85
87    <uses-permission android:name="me.everything.badger.permission.BADGE_COUNT_WRITE" />
87-->[me.leolin:ShortcutBadger:1.1.22] AndroidManifest.xml:50:5-89
87-->[me.leolin:ShortcutBadger:1.1.22] AndroidManifest.xml:50:22-86
88
89    <application
89-->src\main\AndroidManifest.xml:17:5-64:19
90        android:name="com.cab2u.driver.MainApplication"
90-->src\main\AndroidManifest.xml:18:7-38
91        android:allowBackup="false"
91-->src\main\AndroidManifest.xml:22:7-34
92        android:appComponentFactory="androidx.core.app.CoreComponentFactory"
92-->[androidx.core:core:1.8.0] AndroidManifest.xml:24:18-86
93        android:debuggable="true"
94        android:icon="@mipmap/ic_launcher"
94-->src\main\AndroidManifest.xml:20:7-41
95        android:label="@string/app_name"
95-->src\main\AndroidManifest.xml:19:7-39
96        android:networkSecurityConfig="@xml/network_security_config"
96-->src\main\AndroidManifest.xml:24:7-67
97        android:roundIcon="@mipmap/ic_launcher_round"
97-->src\main\AndroidManifest.xml:21:7-52
98        android:theme="@style/AppTheme"
98-->src\main\AndroidManifest.xml:23:7-38
99        android:usesCleartextTraffic="true" >
99-->src\main\AndroidManifest.xml:25:7-42
100        <activity
100-->src\debug\AndroidManifest.xml:11:9-111
101            android:name="com.facebook.react.devsupport.DevSettingsActivity"
101-->src\debug\AndroidManifest.xml:11:19-83
102            android:exported="false" />
102-->src\debug\AndroidManifest.xml:11:84-108
103
104        <meta-data
104-->src\main\AndroidManifest.xml:26:7-27:44
105            android:name="com.dieam.reactnativepushnotification.notification_foreground"
105-->src\main\AndroidManifest.xml:26:19-95
106            android:value="false" /> <!-- Change the resource name to your App's accent color - or any other color you want -->
106-->src\main\AndroidManifest.xml:27:21-42
107        <meta-data
107-->src\main\AndroidManifest.xml:29:9-30:54
108            android:name="com.dieam.reactnativepushnotification.notification_color"
108-->src\main\AndroidManifest.xml:29:21-92
109            android:resource="@color/white" /> <!-- or @android:color/{name} to use a standard color -->
109-->src\main\AndroidManifest.xml:30:21-52
110        <receiver
110-->src\main\AndroidManifest.xml:32:9-132
111            android:name="com.dieam.reactnativepushnotification.modules.RNPushNotificationActions"
111-->src\main\AndroidManifest.xml:32:43-129
112            android:exported="true" />
112-->src\main\AndroidManifest.xml:32:19-42
113        <receiver
113-->src\main\AndroidManifest.xml:33:9-134
114            android:name="com.dieam.reactnativepushnotification.modules.RNPushNotificationPublisher"
114-->src\main\AndroidManifest.xml:33:43-131
115            android:exported="true" />
115-->src\main\AndroidManifest.xml:33:19-42
116        <receiver
116-->src\main\AndroidManifest.xml:34:9-40:20
117            android:name="com.dieam.reactnativepushnotification.modules.RNPushNotificationBootEventReceiver"
117-->src\main\AndroidManifest.xml:34:43-139
118            android:exported="true" >
118-->src\main\AndroidManifest.xml:34:19-42
119            <intent-filter>
119-->src\main\AndroidManifest.xml:35:13-39:29
120                <action android:name="android.intent.action.BOOT_COMPLETED" />
120-->src\main\AndroidManifest.xml:36:17-79
120-->src\main\AndroidManifest.xml:36:25-76
121                <action android:name="android.intent.action.QUICKBOOT_POWERON" />
121-->src\main\AndroidManifest.xml:37:17-82
121-->src\main\AndroidManifest.xml:37:25-79
122                <action android:name="com.htc.intent.action.QUICKBOOT_POWERON" />
122-->src\main\AndroidManifest.xml:38:17-81
122-->src\main\AndroidManifest.xml:38:25-79
123            </intent-filter>
124        </receiver>
125
126        <service
126-->src\main\AndroidManifest.xml:42:9-48:19
127            android:name="com.dieam.reactnativepushnotification.modules.RNPushNotificationListenerService"
127-->src\main\AndroidManifest.xml:43:13-107
128            android:exported="false" >
128-->src\main\AndroidManifest.xml:44:13-37
129            <intent-filter>
129-->src\main\AndroidManifest.xml:45:13-47:29
130                <action android:name="com.google.firebase.MESSAGING_EVENT" />
130-->src\main\AndroidManifest.xml:46:17-78
130-->src\main\AndroidManifest.xml:46:25-75
131            </intent-filter>
132        </service>
133
134        <meta-data
134-->src\main\AndroidManifest.xml:49:7-51:52
135            android:name="com.google.android.geo.API_KEY"
135-->src\main\AndroidManifest.xml:50:9-54
136            android:value="ENTER YOUR GOOGLE MAP KEY" />
136-->src\main\AndroidManifest.xml:51:9-50
137
138        <activity
138-->src\main\AndroidManifest.xml:52:7-63:18
139            android:name="com.cab2u.driver.MainActivity"
139-->src\main\AndroidManifest.xml:53:9-37
140            android:configChanges="keyboard|keyboardHidden|orientation|screenLayout|screenSize|smallestScreenSize|uiMode"
140-->src\main\AndroidManifest.xml:55:9-118
141            android:exported="true"
141-->src\main\AndroidManifest.xml:58:9-32
142            android:label="@string/app_name"
142-->src\main\AndroidManifest.xml:54:9-41
143            android:launchMode="singleTask"
143-->src\main\AndroidManifest.xml:56:9-40
144            android:windowSoftInputMode="adjustResize" >
144-->src\main\AndroidManifest.xml:57:9-51
145            <intent-filter>
145-->src\main\AndroidManifest.xml:59:9-62:25
146                <action android:name="android.intent.action.MAIN" />
146-->src\main\AndroidManifest.xml:60:13-65
146-->src\main\AndroidManifest.xml:60:21-62
147
148                <category android:name="android.intent.category.LAUNCHER" />
148-->src\main\AndroidManifest.xml:61:13-73
148-->src\main\AndroidManifest.xml:61:23-70
149            </intent-filter>
150        </activity>
151
152        <meta-data
152-->[:react-native-firebase_app] AndroidManifest.xml:9:9-11:36
153            android:name="app_data_collection_default_enabled"
153-->[:react-native-firebase_app] AndroidManifest.xml:10:13-63
154            android:value="true" />
154-->[:react-native-firebase_app] AndroidManifest.xml:11:13-33
155
156        <service
156-->[:react-native-firebase_app] AndroidManifest.xml:13:9-21:19
157            android:name="com.google.firebase.components.ComponentDiscoveryService"
157-->[:react-native-firebase_app] AndroidManifest.xml:14:13-84
158            android:directBootAware="true"
158-->[:react-native-firebase_app] AndroidManifest.xml:15:13-43
159            android:exported="false" >
159-->[:react-native-firebase_app] AndroidManifest.xml:16:13-37
160            <meta-data
160-->[:react-native-firebase_app] AndroidManifest.xml:18:13-20:85
161                android:name="com.google.firebase.components:io.invertase.firebase.app.ReactNativeFirebaseAppRegistrar"
161-->[:react-native-firebase_app] AndroidManifest.xml:19:17-120
162                android:value="com.google.firebase.components.ComponentRegistrar" />
162-->[:react-native-firebase_app] AndroidManifest.xml:20:17-82
163            <meta-data
163-->[com.google.firebase:firebase-messaging:23.1.1] AndroidManifest.xml:55:13-57:85
164                android:name="com.google.firebase.components:com.google.firebase.messaging.FirebaseMessagingRegistrar"
164-->[com.google.firebase:firebase-messaging:23.1.1] AndroidManifest.xml:56:17-119
165                android:value="com.google.firebase.components.ComponentRegistrar" />
165-->[com.google.firebase:firebase-messaging:23.1.1] AndroidManifest.xml:57:17-82
166            <meta-data
166-->[com.google.firebase:firebase-datatransport:18.1.7] AndroidManifest.xml:27:13-29:85
167                android:name="com.google.firebase.components:com.google.firebase.datatransport.TransportRegistrar"
167-->[com.google.firebase:firebase-datatransport:18.1.7] AndroidManifest.xml:28:17-115
168                android:value="com.google.firebase.components.ComponentRegistrar" />
168-->[com.google.firebase:firebase-datatransport:18.1.7] AndroidManifest.xml:29:17-82
169            <meta-data
169-->[com.google.firebase:firebase-database:20.1.0] AndroidManifest.xml:31:13-33:85
170                android:name="com.google.firebase.components:com.google.firebase.database.DatabaseRegistrar"
170-->[com.google.firebase:firebase-database:20.1.0] AndroidManifest.xml:32:17-109
171                android:value="com.google.firebase.components.ComponentRegistrar" />
171-->[com.google.firebase:firebase-database:20.1.0] AndroidManifest.xml:33:17-82
172            <meta-data
172-->[com.google.android.gms:play-services-measurement-api:21.2.0] AndroidManifest.xml:31:13-33:85
173                android:name="com.google.firebase.components:com.google.firebase.analytics.connector.internal.AnalyticsConnectorRegistrar"
173-->[com.google.android.gms:play-services-measurement-api:21.2.0] AndroidManifest.xml:32:17-139
174                android:value="com.google.firebase.components.ComponentRegistrar" />
174-->[com.google.android.gms:play-services-measurement-api:21.2.0] AndroidManifest.xml:33:17-82
175            <meta-data
175-->[com.google.firebase:firebase-installations:17.1.0] AndroidManifest.xml:17:13-19:85
176                android:name="com.google.firebase.components:com.google.firebase.installations.FirebaseInstallationsRegistrar"
176-->[com.google.firebase:firebase-installations:17.1.0] AndroidManifest.xml:18:17-127
177                android:value="com.google.firebase.components.ComponentRegistrar" />
177-->[com.google.firebase:firebase-installations:17.1.0] AndroidManifest.xml:19:17-82
178        </service>
179
180        <provider
180-->[:react-native-firebase_app] AndroidManifest.xml:23:9-27:38
181            android:name="io.invertase.firebase.app.ReactNativeFirebaseAppInitProvider"
181-->[:react-native-firebase_app] AndroidManifest.xml:24:13-88
182            android:authorities="com.cab2u.driver.reactnativefirebaseappinitprovider"
182-->[:react-native-firebase_app] AndroidManifest.xml:25:13-86
183            android:exported="false"
183-->[:react-native-firebase_app] AndroidManifest.xml:26:13-37
184            android:initOrder="99" />
184-->[:react-native-firebase_app] AndroidManifest.xml:27:13-35
185        <provider
185-->[:react-native-image-picker] AndroidManifest.xml:8:9-16:20
186            android:name="com.imagepicker.ImagePickerProvider"
186-->[:react-native-image-picker] AndroidManifest.xml:9:13-63
187            android:authorities="com.cab2u.driver.imagepickerprovider"
187-->[:react-native-image-picker] AndroidManifest.xml:10:13-71
188            android:exported="false"
188-->[:react-native-image-picker] AndroidManifest.xml:11:13-37
189            android:grantUriPermissions="true" >
189-->[:react-native-image-picker] AndroidManifest.xml:12:13-47
190            <meta-data
190-->[:react-native-image-picker] AndroidManifest.xml:13:13-15:70
191                android:name="android.support.FILE_PROVIDER_PATHS"
191-->[:react-native-image-picker] AndroidManifest.xml:14:17-67
192                android:resource="@xml/imagepicker_provider_paths" />
192-->[:react-native-image-picker] AndroidManifest.xml:15:17-67
193        </provider>
194
195        <activity
195-->[:react-native-razorpay] AndroidManifest.xml:8:9-10:86
196            android:name="com.razorpay.CheckoutActivity"
196-->[:react-native-razorpay] AndroidManifest.xml:9:13-57
197            android:configChanges="keyboard|keyboardHidden|orientation|screenSize"
197-->[:react-native-razorpay] AndroidManifest.xml:10:13-83
198            android:exported="false"
198-->[com.razorpay:checkout:1.6.38] AndroidManifest.xml:54:13-37
199            android:theme="@style/CheckoutTheme" >
199-->[com.razorpay:checkout:1.6.38] AndroidManifest.xml:55:13-49
200            <intent-filter>
200-->[com.razorpay:checkout:1.6.38] AndroidManifest.xml:56:13-58:29
201                <action android:name="android.intent.action.MAIN" />
201-->src\main\AndroidManifest.xml:60:13-65
201-->src\main\AndroidManifest.xml:60:21-62
202            </intent-filter>
203        </activity>
204
205        <provider
205-->[:react-native-webview] AndroidManifest.xml:8:9-16:20
206            android:name="com.reactnativecommunity.webview.RNCWebViewFileProvider"
206-->[:react-native-webview] AndroidManifest.xml:9:13-83
207            android:authorities="com.cab2u.driver.fileprovider"
207-->[:react-native-webview] AndroidManifest.xml:10:13-64
208            android:exported="false"
208-->[:react-native-webview] AndroidManifest.xml:11:13-37
209            android:grantUriPermissions="true" >
209-->[:react-native-webview] AndroidManifest.xml:12:13-47
210            <meta-data
210-->[:react-native-image-picker] AndroidManifest.xml:13:13-15:70
211                android:name="android.support.FILE_PROVIDER_PATHS"
211-->[:react-native-image-picker] AndroidManifest.xml:14:17-67
212                android:resource="@xml/file_provider_paths" />
212-->[:react-native-image-picker] AndroidManifest.xml:15:17-67
213        </provider>
214        <provider
214-->[:rn-fetch-blob] AndroidManifest.xml:32:9-40:20
215            android:name="com.RNFetchBlob.Utils.FileProvider"
215-->[:rn-fetch-blob] AndroidManifest.xml:33:13-62
216            android:authorities="com.cab2u.driver.provider"
216-->[:rn-fetch-blob] AndroidManifest.xml:34:13-60
217            android:exported="false"
217-->[:rn-fetch-blob] AndroidManifest.xml:35:13-37
218            android:grantUriPermissions="true" >
218-->[:rn-fetch-blob] AndroidManifest.xml:36:13-47
219            <meta-data
219-->[:react-native-image-picker] AndroidManifest.xml:13:13-15:70
220                android:name="android.support.FILE_PROVIDER_PATHS"
220-->[:react-native-image-picker] AndroidManifest.xml:14:17-67
221                android:resource="@xml/provider_paths" />
221-->[:react-native-image-picker] AndroidManifest.xml:15:17-67
222        </provider>
223        <provider
223-->[androidx.work:work-runtime:2.7.1] AndroidManifest.xml:31:9-39:20
224            android:name="androidx.startup.InitializationProvider"
224-->[androidx.work:work-runtime:2.7.1] AndroidManifest.xml:32:13-67
225            android:authorities="com.cab2u.driver.androidx-startup"
225-->[androidx.work:work-runtime:2.7.1] AndroidManifest.xml:33:13-68
226            android:exported="false" >
226-->[androidx.work:work-runtime:2.7.1] AndroidManifest.xml:34:13-37
227            <meta-data
227-->[androidx.work:work-runtime:2.7.1] AndroidManifest.xml:36:13-38:52
228                android:name="androidx.work.WorkManagerInitializer"
228-->[androidx.work:work-runtime:2.7.1] AndroidManifest.xml:37:17-68
229                android:value="androidx.startup" />
229-->[androidx.work:work-runtime:2.7.1] AndroidManifest.xml:38:17-49
230            <meta-data
230-->[androidx.emoji2:emoji2:1.0.0] AndroidManifest.xml:31:13-33:52
231                android:name="androidx.emoji2.text.EmojiCompatInitializer"
231-->[androidx.emoji2:emoji2:1.0.0] AndroidManifest.xml:32:17-75
232                android:value="androidx.startup" />
232-->[androidx.emoji2:emoji2:1.0.0] AndroidManifest.xml:33:17-49
233            <meta-data
233-->[androidx.lifecycle:lifecycle-process:2.4.0] AndroidManifest.xml:31:13-33:52
234                android:name="androidx.lifecycle.ProcessLifecycleInitializer"
234-->[androidx.lifecycle:lifecycle-process:2.4.0] AndroidManifest.xml:32:17-78
235                android:value="androidx.startup" />
235-->[androidx.lifecycle:lifecycle-process:2.4.0] AndroidManifest.xml:33:17-49
236        </provider>
237
238        <service
238-->[androidx.work:work-runtime:2.7.1] AndroidManifest.xml:41:9-46:35
239            android:name="androidx.work.impl.background.systemalarm.SystemAlarmService"
239-->[androidx.work:work-runtime:2.7.1] AndroidManifest.xml:42:13-88
240            android:directBootAware="false"
240-->[androidx.work:work-runtime:2.7.1] AndroidManifest.xml:43:13-44
241            android:enabled="@bool/enable_system_alarm_service_default"
241-->[androidx.work:work-runtime:2.7.1] AndroidManifest.xml:44:13-72
242            android:exported="false" />
242-->[androidx.work:work-runtime:2.7.1] AndroidManifest.xml:45:13-37
243        <service
243-->[androidx.work:work-runtime:2.7.1] AndroidManifest.xml:47:9-53:35
244            android:name="androidx.work.impl.background.systemjob.SystemJobService"
244-->[androidx.work:work-runtime:2.7.1] AndroidManifest.xml:48:13-84
245            android:directBootAware="false"
245-->[androidx.work:work-runtime:2.7.1] AndroidManifest.xml:49:13-44
246            android:enabled="@bool/enable_system_job_service_default"
246-->[androidx.work:work-runtime:2.7.1] AndroidManifest.xml:50:13-70
247            android:exported="true"
247-->[androidx.work:work-runtime:2.7.1] AndroidManifest.xml:51:13-36
248            android:permission="android.permission.BIND_JOB_SERVICE" />
248-->[androidx.work:work-runtime:2.7.1] AndroidManifest.xml:52:13-69
249        <service
249-->[androidx.work:work-runtime:2.7.1] AndroidManifest.xml:54:9-59:35
250            android:name="androidx.work.impl.foreground.SystemForegroundService"
250-->[androidx.work:work-runtime:2.7.1] AndroidManifest.xml:55:13-81
251            android:directBootAware="false"
251-->[androidx.work:work-runtime:2.7.1] AndroidManifest.xml:56:13-44
252            android:enabled="@bool/enable_system_foreground_service_default"
252-->[androidx.work:work-runtime:2.7.1] AndroidManifest.xml:57:13-77
253            android:exported="false" />
253-->[androidx.work:work-runtime:2.7.1] AndroidManifest.xml:58:13-37
254
255        <receiver
255-->[androidx.work:work-runtime:2.7.1] AndroidManifest.xml:61:9-66:35
256            android:name="androidx.work.impl.utils.ForceStopRunnable$BroadcastReceiver"
256-->[androidx.work:work-runtime:2.7.1] AndroidManifest.xml:62:13-88
257            android:directBootAware="false"
257-->[androidx.work:work-runtime:2.7.1] AndroidManifest.xml:63:13-44
258            android:enabled="true"
258-->[androidx.work:work-runtime:2.7.1] AndroidManifest.xml:64:13-35
259            android:exported="false" />
259-->[androidx.work:work-runtime:2.7.1] AndroidManifest.xml:65:13-37
260        <receiver
260-->[androidx.work:work-runtime:2.7.1] AndroidManifest.xml:67:9-77:20
261            android:name="androidx.work.impl.background.systemalarm.ConstraintProxy$BatteryChargingProxy"
261-->[androidx.work:work-runtime:2.7.1] AndroidManifest.xml:68:13-106
262            android:directBootAware="false"
262-->[androidx.work:work-runtime:2.7.1] AndroidManifest.xml:69:13-44
263            android:enabled="false"
263-->[androidx.work:work-runtime:2.7.1] AndroidManifest.xml:70:13-36
264            android:exported="false" >
264-->[androidx.work:work-runtime:2.7.1] AndroidManifest.xml:71:13-37
265            <intent-filter>
265-->[androidx.work:work-runtime:2.7.1] AndroidManifest.xml:73:13-76:29
266                <action android:name="android.intent.action.ACTION_POWER_CONNECTED" />